  os_cpu_c.c
  os_core.c
C:\Users\ib701\Desktop\RTOS_M11102118_PA2_EDF\Micrium\Software\uCOS-II\Source\os_core.c(701,13): warning C4101: 'ptcb': 未參考的區域變數
C:\Users\ib701\Desktop\RTOS_M11102118_PA2_EDF\Micrium\Software\uCOS-II\Source\os_core.c(951,20): warning C4013: 'malloc' 未定義; 假設 extern 傳回整數
C:\Users\ib701\Desktop\RTOS_M11102118_PA2_EDF\Micrium\Software\uCOS-II\Source\os_core.c(951,47): warning C4047: '=': 'int *' 與 'int' 間接取值的層級不同
C:\Users\ib701\Desktop\RTOS_M11102118_PA2_EDF\Micrium\Software\uCOS-II\Source\os_core.c(1084,13): warning C4013: 'exit' 未定義; 假設 extern 傳回整數
C:\Users\ib701\Desktop\RTOS_M11102118_PA2_EDF\Micrium\Software\uCOS-II\Source\os_core.c(1140,51): warning C4047: '=': 'int *' 與 'int' 間接取值的層級不同
C:\Users\ib701\Desktop\RTOS_M11102118_PA2_EDF\Micrium\Software\uCOS-II\Source\os_core.c(1148,49): warning C4018: '>': signed/unsigned 不相符
C:\Users\ib701\Desktop\RTOS_M11102118_PA2_EDF\Micrium\Software\uCOS-II\Source\os_core.c(2379,20): warning C4477: 'printf' : 格式字串 '%6x' 需要 'unsigned int' 類型的引數，但 variadic 引數 2 的類型為 'OS_TCB *'
C:\Users\ib701\Desktop\RTOS_M11102118_PA2_EDF\Micrium\Software\uCOS-II\Source\os_core.c(2383,20): warning C4477: 'printf' : 格式字串 '%6x' 需要 'unsigned int' 類型的引數，但 variadic 引數 2 的類型為 'OS_TCB *'
C:\Users\ib701\Desktop\RTOS_M11102118_PA2_EDF\Micrium\Software\uCOS-II\Source\os_core.c(2386,16): warning C4477: 'printf' : 格式字串 '%6x' 需要 'unsigned int' 類型的引數，但 variadic 引數 1 的類型為 'os_tcb *'
C:\Users\ib701\Desktop\RTOS_M11102118_PA2_EDF\Micrium\Software\uCOS-II\Source\os_core.c(2387,16): warning C4477: 'printf' : 格式字串 '%6x' 需要 'unsigned int' 類型的引數，但 variadic 引數 1 的類型為 'OS_TCB *'
C:\Users\ib701\Desktop\RTOS_M11102118_PA2_EDF\Micrium\Software\uCOS-II\Source\os_core.c(2388,16): warning C4477: 'printf' : 格式字串 '%6x' 需要 'unsigned int' 類型的引數，但 variadic 引數 1 的類型為 'os_tcb *'
C:\Users\ib701\Desktop\RTOS_M11102118_PA2_EDF\Micrium\Software\uCOS-II\Source\os_core.c(2399,28): warning C4477: 'printf' : 格式字串 '%6x' 需要 'unsigned int' 類型的引數，但 variadic 引數 2 的類型為 'os_tcb *'
C:\Users\ib701\Desktop\RTOS_M11102118_PA2_EDF\Micrium\Software\uCOS-II\Source\os_core.c(2399,28): warning C4477: 'printf' : 格式字串 '%6x' 需要 'unsigned int' 類型的引數，但 variadic 引數 3 的類型為 'OS_TCB *'
C:\Users\ib701\Desktop\RTOS_M11102118_PA2_EDF\Micrium\Software\uCOS-II\Source\os_core.c(2399,28): warning C4477: 'printf' : 格式字串 '%6x' 需要 'unsigned int' 類型的引數，但 variadic 引數 4 的類型為 'os_tcb *'
C:\Users\ib701\Desktop\RTOS_M11102118_PA2_EDF\Micrium\Software\uCOS-II\Source\os_core.c(2401,28): warning C4477: 'printf' : 格式字串 '%6x' 需要 'unsigned int' 類型的引數，但 variadic 引數 2 的類型為 'os_tcb *'
C:\Users\ib701\Desktop\RTOS_M11102118_PA2_EDF\Micrium\Software\uCOS-II\Source\os_core.c(2401,28): warning C4477: 'printf' : 格式字串 '%6x' 需要 'unsigned int' 類型的引數，但 variadic 引數 3 的類型為 'OS_TCB *'
C:\Users\ib701\Desktop\RTOS_M11102118_PA2_EDF\Micrium\Software\uCOS-II\Source\os_core.c(2401,28): warning C4477: 'printf' : 格式字串 '%6x' 需要 'unsigned int' 類型的引數，但 variadic 引數 4 的類型為 'os_tcb *'
  os_dbg_r.c
  os_flag.c
  os_mbox.c
  os_mem.c
  os_mutex.c
  os_q.c
  os_sem.c
  os_task.c
  os_time.c
  os_tmr.c
  app_hooks.c
C:\Users\ib701\Desktop\RTOS_M11102118_PA2_EDF\Microsoft\Windows\Kernel\OS2\app_hooks.c(128,31): warning C4013: 'atoi' 未定義; 假設 extern 傳回整數
C:\Users\ib701\Desktop\RTOS_M11102118_PA2_EDF\Microsoft\Windows\Kernel\OS2\app_hooks.c(155,20): warning C4013: 'malloc' 未定義; 假設 extern 傳回整數
C:\Users\ib701\Desktop\RTOS_M11102118_PA2_EDF\Microsoft\Windows\Kernel\OS2\app_hooks.c(155,47): warning C4047: '=': 'int *' 與 'int' 間接取值的層級不同
  main.c
C:\Users\ib701\Desktop\RTOS_M11102118_PA2_EDF\Microsoft\Windows\Kernel\OS2\main.c(108,22): warning C4013: 'malloc' 未定義; 假設 extern 傳回整數
C:\Users\ib701\Desktop\RTOS_M11102118_PA2_EDF\Microsoft\Windows\Kernel\OS2\main.c(108,50): warning C4047: '=': 'OS_STK **' 與 'int' 間接取值的層級不同
C:\Users\ib701\Desktop\RTOS_M11102118_PA2_EDF\Microsoft\Windows\Kernel\OS2\main.c(116,59): warning C4047: '=': 'OS_STK *' 與 'int' 間接取值的層級不同
C:\Users\ib701\Desktop\RTOS_M11102118_PA2_EDF\Microsoft\Windows\Kernel\OS2\main.c(120,42): warning C4244: '函式': 將 'INT16U' 轉換為 'INT8U'，由於類型不同，可能導致資料遺失
C:\Users\ib701\Desktop\RTOS_M11102118_PA2_EDF\Microsoft\Windows\Kernel\OS2\main.c(87,17): warning C4101: 'os_err': 未參考的區域變數
C:\Users\ib701\Desktop\RTOS_M11102118_PA2_EDF\Microsoft\Windows\Kernel\OS2\main.c(112,13): warning C4101: 'ptcb': 未參考的區域變數
  正在產生程式碼...
  OS2.vcxproj -> C:\Users\ib701\Desktop\RTOS_M11102118_PA2_EDF\Microsoft\Windows\Kernel\OS2\VS\Debug\OS2.exe
